<?xml version="1.0" encoding="UTF-8"?>
<!-- Generated by org.testng.reporters.JUnitReportReporter -->
<testsuite hostname="DESKTOP-LFU0VLB" failures="0" tests="1" name="org.testing.testCases.TC9_UpdateRecord" time="0.002" errors="0" timestamp="2022-12-26T20:27:31 GMT-05:00" skipped="0">
  <testcase classname="org.testing.testCases.TC9_UpdateRecord" name="testcase8" time="0.002"/>
  <system-out/>
</testsuite> <!-- org.testing.testCases.TC9_UpdateRecord -->
