<?xml version="1.0" encoding="UTF-8"?>
<!-- Generated by org.testng.reporters.JUnitReportReporter -->
<testsuite hostname="DESKTOP-LFU0VLB" failures="0" tests="1" name="org.testing.testCases.TC2_GetAllRequest" time="0.116" errors="0" timestamp="2022-12-25T00:28:20 GMT-05:00" skipped="0">
  <testcase classname="org.testing.testCases.TC2_GetAllRequest" name="testcase2" time="0.116"/>
  <system-out/>
</testsuite> <!-- org.testing.testCases.TC2_GetAllRequest -->
