<?xml version="1.0" encoding="UTF-8"?>
<!-- Generated by org.testng.reporters.JUnitReportReporter -->
<testsuite hostname="DESKTOP-LFU0VLB" failures="0" tests="1" name="org.testing.testCases.TC6_InsertEmployee" time="2.118" errors="0" timestamp="2022-12-22T13:06:17 GMT-05:00" skipped="0">
  <testcase classname="org.testing.testCases.TC6_InsertEmployee" name="testcase6" time="2.118"/>
  <system-out/>
</testsuite> <!-- org.testing.testCases.TC6_InsertEmployee -->
