<?xml version="1.0" encoding="UTF-8"?>
<!-- Generated by org.testng.reporters.JUnitReportReporter -->
<testsuite hostname="DESKTOP-LFU0VLB" failures="0" tests="1" name="org.testing.testCases.TC8_GetParticularEmployee" time="0.233" errors="0" timestamp="2022-12-25T00:28:20 GMT-05:00" skipped="0">
  <testcase classname="org.testing.testCases.TC8_GetParticularEmployee" name="testcase8" time="0.233"/>
  <system-out/>
</testsuite> <!-- org.testing.testCases.TC8_GetParticularEmployee -->
