<?xml version="1.0" encoding="UTF-8"?>
<!-- Generated by org.testng.reporters.JUnitReportReporter -->
<testsuite hostname="DESKTOP-LFU0VLB" failures="0" tests="1" name="org.testing.testCases.TC1_PostRequest" time="13.622" errors="0" timestamp="2022-12-22T13:06:17 GMT-05:00" skipped="0">
  <testcase classname="org.testing.testCases.TC1_PostRequest" name="testcase1" time="13.622"/>
  <system-out/>
</testsuite> <!-- org.testing.testCases.TC1_PostRequest -->
